[2017/12/07 16:54:07 847]----------------------------------------------
[2017/12/07 16:54:07 861]记录请求参数
[2017/12/07 16:54:07 863]com.css.etax.controller.PublicMethodController
[2017/12/07 16:54:07 863]getRequestValue
[2017/12/07 16:54:07 863]客户端地址:0:0:0:0:0:0:0:1
[2017/12/07 16:54:07 871]请求的参数信息为：{"key":"c"}
[2017/12/07 16:54:07 873]返回结果：{"msg":"该key+【c】对应的value为空。","success":false}
[2017/12/07 16:55:32 22]----------------------------------------------
[2017/12/07 16:55:32 23]记录请求参数
[2017/12/07 16:55:32 23]com.css.etax.controller.PublicMethodController
[2017/12/07 16:55:32 23]getRequestValue
[2017/12/07 16:55:32 23]客户端地址:0:0:0:0:0:0:0:1
[2017/12/07 16:55:32 24]请求的参数信息为：{"key":"c"}
[2017/12/07 16:55:33 30]返回结果：{"msg":"获取request库中数据异常，java.net.ConnectException: Connection refused: connect","success":false}
[2017/12/07 17:01:59 249]----------------------------------------------
[2017/12/07 17:01:59 250]记录请求参数
[2017/12/07 17:01:59 250]com.css.etax.controller.PublicMethodController
[2017/12/07 17:01:59 250]getRequestValue
[2017/12/07 17:01:59 250]客户端地址:0:0:0:0:0:0:0:1
[2017/12/07 17:01:59 251]请求的参数信息为：{"key":"c"}
[2017/12/07 17:02:00 264]返回结果：{"msg":"获取request库中数据异常，java.net.ConnectException: Connection refused: connect","success":false}
[2017/12/07 17:02:25 371]----------------------------------------------
[2017/12/07 17:02:25 371]记录请求参数
[2017/12/07 17:02:25 371]com.css.etax.controller.PublicMethodController
[2017/12/07 17:02:25 372]getRequestValue
[2017/12/07 17:02:25 372]客户端地址:0:0:0:0:0:0:0:1
[2017/12/07 17:02:25 373]请求的参数信息为：{"key":"c"}
[2017/12/07 17:02:25 374]返回结果：{"msg":"该key=【c】对应的value为空。","success":false}
[2017/12/07 17:20:02 537]----------------------------------------------
[2017/12/07 17:20:02 537]记录请求参数
[2017/12/07 17:20:02 537]com.css.etax.controller.PublicMethodController
[2017/12/07 17:20:02 537]setRequestValue
[2017/12/07 17:20:02 537]客户端地址:172.16.5.27
[2017/12/07 17:20:02 537]请求的参数信息为：{}
[2017/12/07 17:20:02 538]返回结果：{"msg":"参数异常，key和value参数不能为空！key=【null】;valye=【null】","success":false}
[2017/12/07 17:20:34 891]----------------------------------------------
[2017/12/07 17:20:34 892]记录请求参数
[2017/12/07 17:20:34 892]com.css.etax.controller.PublicMethodController
[2017/12/07 17:20:34 892]setRequestValue
[2017/12/07 17:20:34 892]客户端地址:172.16.5.27
[2017/12/07 17:20:34 893]请求的参数信息为：{"key":"dd"}
[2017/12/07 17:20:34 895]返回结果：{"msg":"参数异常，key和value参数不能为空！key=【dd】;valye=【null】","success":false}
[2017/12/07 17:20:41 697]----------------------------------------------
[2017/12/07 17:20:41 698]记录请求参数
[2017/12/07 17:20:41 698]com.css.etax.controller.PublicMethodController
[2017/12/07 17:20:41 698]setRequestValue
[2017/12/07 17:20:41 699]客户端地址:172.16.5.27
[2017/12/07 17:20:41 699]请求的参数信息为：{"value":"123","key":"dd"}
[2017/12/07 17:20:41 705]返回结果：{"msg":"操作成功","success":true}
[2017/12/07 17:20:48 355]----------------------------------------------
[2017/12/07 17:20:48 356]记录请求参数
[2017/12/07 17:20:48 356]com.css.etax.controller.PublicMethodController
[2017/12/07 17:20:48 356]setRequestValue
[2017/12/07 17:20:48 356]客户端地址:172.16.5.27
[2017/12/07 17:20:48 356]请求的参数信息为：{"value":"123","key":"dd"}
[2017/12/07 17:20:48 361]返回结果：{"msg":"操作成功","success":true}
[2017/12/07 17:20:50 858]----------------------------------------------
[2017/12/07 17:20:50 858]记录请求参数
[2017/12/07 17:20:50 858]com.css.etax.controller.PublicMethodController
[2017/12/07 17:20:50 858]setRequestValue
[2017/12/07 17:20:50 858]客户端地址:172.16.5.27
[2017/12/07 17:20:50 859]请求的参数信息为：{"value":"123","key":"dd"}
[2017/12/07 17:20:50 861]返回结果：{"msg":"操作成功","success":true}
[2017/12/07 17:28:08 925]----------------------------------------------
[2017/12/07 17:28:08 925]记录请求参数
[2017/12/07 17:28:08 927]com.css.etax.controller.PublicMethodController
[2017/12/07 17:28:08 927]setRequestValue
[2017/12/07 17:28:08 928]请求方式：POST
[2017/12/07 17:28:08 928]客户端地址:172.16.5.27
[2017/12/07 17:28:08 989]请求的参数信息为：{"value":"123","key":"dd"}
[2017/12/07 17:28:09 66]返回结果：{"msg":"操作成功","success":true}
[2017/12/07 10:21:30 174]----------------------------------------------
[2017/12/07 10:21:30 183]记录请求参数
[2017/12/07 10:21:30 186]com.css.etax.controller.PublicMethodController
[2017/12/07 10:21:30 186]setRequestValue
[2017/12/07 10:21:30 188]客户端地址:172.16.1.185
[2017/12/07 10:21:30 188]请求方式：POST
[2017/12/07 10:21:30 292]请求的参数信息为：{"value":"123","key":"dd"}
[2017/12/07 10:21:31 497]返回结果："{\"msg\":\"Redis请求库入库异常java.net.ConnectException: Connection refused: connect\",\"success\":false}"
[2017/12/07 10:22:34 151]----------------------------------------------
[2017/12/07 10:22:34 151]记录请求参数
[2017/12/07 10:22:34 151]com.css.etax.controller.PublicMethodController
[2017/12/07 10:22:34 153]setRequestValue
[2017/12/07 10:22:34 153]客户端地址:172.16.1.185
[2017/12/07 10:22:34 153]请求方式：POST
[2017/12/07 10:22:34 154]请求的参数信息为：{"value":"123","key":"dd"}
[2017/12/07 10:22:34 170]返回结果："{\"msg\":\"Redis请求库入库成功\",\"o\":\"OK\",\"success\":true}"
[2017/12/07 10:40:36 232]----------------------------------------------
[2017/12/07 10:40:36 233]记录请求参数
[2017/12/07 10:40:36 233]com.css.etax.controller.PublicMethodController
[2017/12/07 10:40:36 233]getRequestValue
[2017/12/07 10:40:36 234]客户端地址:172.16.1.185
[2017/12/07 10:40:36 234]请求方式：POST
[2017/12/07 10:40:36 234]请求的参数信息为：{"key":"a"}
[2017/12/07 10:40:36 239]返回结果："{\"msg\":\"获取Reids请求库数据成功\",\"o\":\"abcd\",\"success\":true}"
[2017/12/07 10:41:13 376]----------------------------------------------
[2017/12/07 10:41:13 376]记录请求参数
[2017/12/07 10:41:13 377]com.css.etax.controller.PublicMethodController
[2017/12/07 10:41:13 377]getRequestValue
[2017/12/07 10:41:13 377]客户端地址:172.16.1.185
[2017/12/07 10:41:13 377]请求方式：POST
[2017/12/07 10:41:13 377]请求的参数信息为：{"key":"b"}
[2017/12/07 10:41:13 381]返回结果："{\"msg\":\"该key=【b】对应的value为空。\",\"success\":false}"
[2017/12/07 10:41:21 193]----------------------------------------------
[2017/12/07 10:41:21 193]记录请求参数
[2017/12/07 10:41:21 193]com.css.etax.controller.PublicMethodController
[2017/12/07 10:41:21 193]getRequestValue
[2017/12/07 10:41:21 194]客户端地址:172.16.1.185
[2017/12/07 10:41:21 194]请求方式：POST
[2017/12/07 10:41:21 194]请求的参数信息为：{"key":"a"}
[2017/12/07 10:41:21 211]返回结果："{\"msg\":\"获取Reids请求库数据成功\",\"o\":\"abcd\",\"success\":true}"
[2017/12/07 10:41:28 65]----------------------------------------------
[2017/12/07 10:41:28 65]记录请求参数
[2017/12/07 10:41:28 66]com.css.etax.controller.PublicMethodController
[2017/12/07 10:41:28 69]getRequestValue
[2017/12/07 10:41:28 70]客户端地址:172.16.1.185
[2017/12/07 10:41:28 70]请求方式：POST
[2017/12/07 10:41:28 71]请求的参数信息为：{"key":"v"}
[2017/12/07 10:41:28 77]返回结果："{\"msg\":\"该key=【v】对应的value为空。\",\"success\":false}"
[2017/12/07 10:43:14 791]----------------------------------------------
[2017/12/07 10:43:14 792]记录请求参数
[2017/12/07 10:43:14 792]com.css.etax.controller.PublicMethodController
[2017/12/07 10:43:14 792]setResponseValue
[2017/12/07 10:43:14 792]客户端地址:172.16.1.185
[2017/12/07 10:43:14 793]请求方式：POST
[2017/12/07 10:43:14 793]请求的参数信息为：{"a":"wwwww"}
[2017/12/07 10:43:14 793]返回结果："{\"msg\":\"参数异常，参数key和value不能为空\",\"success\":false}"
[2017/12/07 10:43:39 259]----------------------------------------------
[2017/12/07 10:43:39 260]记录请求参数
[2017/12/07 10:43:39 260]com.css.etax.controller.PublicMethodController
[2017/12/07 10:43:39 260]setResponseValue
[2017/12/07 10:43:39 260]客户端地址:172.16.1.185
[2017/12/07 10:43:39 260]请求方式：POST
[2017/12/07 10:43:39 261]请求的参数信息为：{"value":"wwwww","key":"a"}
[2017/12/07 10:43:39 264]返回结果："{\"msg\":\"Redis返回库入库成功\",\"o\":\"OK\",\"success\":true}"
[2017/12/07 10:44:41 415]----------------------------------------------
[2017/12/07 10:44:41 415]记录请求参数
[2017/12/07 10:44:41 416]com.css.etax.controller.PublicMethodController
[2017/12/07 10:44:41 416]getResponseValue
[2017/12/07 10:44:41 416]客户端地址:172.16.1.185
[2017/12/07 10:44:41 416]请求方式：POST
[2017/12/07 10:44:41 416]请求的参数信息为：{"key":"a"}
[2017/12/07 10:44:41 422]返回结果："{\"msg\":\"获取Redis返回库数据成功\",\"o\":\"wwwww\",\"success\":true}"
[2017/12/07 10:46:42 570]----------------------------------------------
[2017/12/07 10:46:42 570]记录请求参数
[2017/12/07 10:46:42 570]com.css.etax.controller.PublicMethodController
[2017/12/07 10:46:42 571]getRequestValue
[2017/12/07 10:46:42 571]客户端地址:172.16.1.185
[2017/12/07 10:46:42 571]请求方式：POST
[2017/12/07 10:46:42 571]请求的参数信息为：{"key":"a"}
[2017/12/07 10:46:42 573]返回结果："{\"msg\":\"获取Reids请求库数据成功\",\"o\":\"abcd\",\"success\":true}"
[2017/12/07 10:46:47 632]----------------------------------------------
[2017/12/07 10:46:47 633]记录请求参数
[2017/12/07 10:46:47 633]com.css.etax.controller.PublicMethodController
[2017/12/07 10:46:47 633]getResponseValue
[2017/12/07 10:46:47 633]客户端地址:172.16.1.185
[2017/12/07 10:46:47 633]请求方式：POST
[2017/12/07 10:46:47 634]请求的参数信息为：{"key":"a"}
[2017/12/07 10:46:47 642]返回结果："{\"msg\":\"获取Redis返回库数据成功\",\"o\":\"wwwww\",\"success\":true}"
[2017/12/07 10:47:17 649]----------------------------------------------
[2017/12/07 10:47:17 649]记录请求参数
[2017/12/07 10:47:17 649]com.css.etax.controller.PublicMethodController
[2017/12/07 10:47:17 654]getResponseValue
[2017/12/07 10:47:17 655]客户端地址:172.16.1.185
[2017/12/07 10:47:17 655]请求方式：POST
[2017/12/07 10:47:17 655]请求的参数信息为：{"key":"dd"}
[2017/12/07 10:47:17 664]返回结果："{\"msg\":\"该key=【dd】对应的value为空。\",\"success\":false}"
[2017/12/07 10:47:27 382]----------------------------------------------
[2017/12/07 10:47:27 382]记录请求参数
[2017/12/07 10:47:27 382]com.css.etax.controller.PublicMethodController
[2017/12/07 10:47:27 383]getRequestValue
[2017/12/07 10:47:27 383]客户端地址:172.16.1.185
[2017/12/07 10:47:27 383]请求方式：POST
[2017/12/07 10:47:27 383]请求的参数信息为：{"key":"dd"}
[2017/12/07 10:47:27 385]返回结果："{\"msg\":\"获取Reids请求库数据成功\",\"o\":\"123\",\"success\":true}"
[2017/12/07 10:48:32 198]----------------------------------------------
[2017/12/07 10:48:32 198]记录请求参数
[2017/12/07 10:48:32 199]com.css.etax.controller.PublicMethodController
[2017/12/07 10:48:32 199]delRequestValue
[2017/12/07 10:48:32 199]客户端地址:172.16.1.185
[2017/12/07 10:48:32 199]请求方式：POST
[2017/12/07 10:48:32 199]请求的参数信息为：{"key":"a"}
[2017/12/07 10:48:32 201]返回结果："{\"msg\":\"删除 Redis请求库对应的key=【a】成功\",\"o\":1,\"success\":true}"
[2017/12/07 10:48:44 553]----------------------------------------------
[2017/12/07 10:48:44 553]记录请求参数
[2017/12/07 10:48:44 553]com.css.etax.controller.PublicMethodController
[2017/12/07 10:48:44 554]delRequestValue
[2017/12/07 10:48:44 554]客户端地址:172.16.1.185
[2017/12/07 10:48:44 554]请求方式：POST
[2017/12/07 10:48:44 554]请求的参数信息为：{"key":"a"}
[2017/12/07 10:48:44 560]返回结果："{\"msg\":\"删除 Redis请求库对应的key=【a】成功\",\"o\":0,\"success\":true}"
[2017/12/07 10:50:24 199]----------------------------------------------
[2017/12/07 10:50:24 200]记录请求参数
[2017/12/07 10:50:24 200]com.css.etax.controller.PublicMethodController
[2017/12/07 10:50:24 200]delResponseValue
[2017/12/07 10:50:24 200]客户端地址:172.16.1.185
[2017/12/07 10:50:24 200]请求方式：POST
[2017/12/07 10:50:24 200]请求的参数信息为：{"key":"a"}
[2017/12/07 10:50:24 203]返回结果："{\"msg\":\"删除 Redis返回库对应的key=【a】成功\",\"o\":1,\"success\":true}"
[2017/12/07 10:52:04 860]----------------------------------------------
[2017/12/07 10:52:04 861]记录请求参数
[2017/12/07 10:52:04 861]com.css.etax.controller.PublicMethodController
[2017/12/07 10:52:04 861]delAllValue
[2017/12/07 10:52:04 861]客户端地址:172.16.1.185
[2017/12/07 10:52:04 861]请求方式：POST
[2017/12/07 10:52:04 861]请求的参数信息为：{"key":"a"}
[2017/12/07 10:52:04 864]返回结果："{\"msg\":\"删除 Redis请求库和返回库对应的key=【a】成功\",\"o\":[0,0],\"success\":true}"
[2017/12/07 10:52:15 629]----------------------------------------------
[2017/12/07 10:52:15 630]记录请求参数
[2017/12/07 10:52:15 630]com.css.etax.controller.PublicMethodController
[2017/12/07 10:52:15 630]delAllValue
[2017/12/07 10:52:15 630]客户端地址:172.16.1.185
[2017/12/07 10:52:15 630]请求方式：POST
[2017/12/07 10:52:15 630]请求的参数信息为：{"key":"dd"}
[2017/12/07 10:52:15 635]返回结果："{\"msg\":\"删除 Redis请求库和返回库对应的key=【dd】成功\",\"o\":[1,0],\"success\":true}"
[2017/12/07 11:19:21 783]----------------------------------------------
[2017/12/07 11:19:21 783]记录请求参数
[2017/12/07 11:19:21 785]com.css.etax.controller.PublicMethodController
[2017/12/07 11:19:21 785]delAllValueByKey
[2017/12/07 11:19:21 785]客户端地址:172.16.1.185
[2017/12/07 11:19:21 785]请求方式：POST
[2017/12/07 11:19:21 848]请求的参数信息为：{"key":"方式"}
[2017/12/07 11:19:21 919]返回结果："{\"msg\":\"删除 Redis请求库和返回库对应的key=【方式】成功\",\"o\":[0,0],\"success\":true}"
[2017/12/07 11:23:02 464]----------------------------------------------
[2017/12/07 11:23:02 464]记录请求参数
[2017/12/07 11:23:02 465]com.css.etax.controller.PublicMethodController
[2017/12/07 11:23:02 465]flushAll
[2017/12/07 11:23:02 465]客户端地址:172.16.1.185
[2017/12/07 11:23:02 465]请求方式：POST
[2017/12/07 11:23:02 465]请求的参数信息为：{}
[2017/12/07 11:23:02 465]返回结果："{\"msg\":\"清空Redis库中的所有数据失败，验证失败\",\"success\":false}"
[2017/12/07 11:23:19 328]----------------------------------------------
[2017/12/07 11:23:19 328]记录请求参数
[2017/12/07 11:23:19 329]com.css.etax.controller.PublicMethodController
[2017/12/07 11:23:19 329]flushAll
[2017/12/07 11:23:19 329]客户端地址:172.16.1.185
[2017/12/07 11:23:19 329]请求方式：POST
[2017/12/07 11:23:19 329]请求的参数信息为：{"validMsg":"fa"}
[2017/12/07 11:23:19 330]返回结果："{\"msg\":\"清空Redis库中的所有数据失败，验证失败\",\"success\":false}"
[2017/12/07 11:23:27 638]----------------------------------------------
[2017/12/07 11:23:27 639]记录请求参数
[2017/12/07 11:23:27 639]com.css.etax.controller.PublicMethodController
[2017/12/07 11:23:27 639]flushAll
[2017/12/07 11:23:27 639]客户端地址:172.16.1.185
[2017/12/07 11:23:27 640]请求方式：POST
[2017/12/07 11:23:27 640]请求的参数信息为：{"validMsg":"REDIS"}
[2017/12/07 11:23:27 722]返回结果："{\"msg\":\"清空Redis库中的所有数据完成\",\"o\":\"OK\",\"success\":true}"
